[debug] [2022-10-20T15:55:15.788Z] ----------------------------------------------------------------------
[debug] [2022-10-20T15:55:15.789Z] Command:       C:\Program Files\nodejs\node.exe C:\Users\YONI\AppData\Roaming\npm\node_modules\firebase-tools\lib\bin\firebase.js deploy
[debug] [2022-10-20T15:55:15.789Z] CLI Version:   11.15.0
[debug] [2022-10-20T15:55:15.789Z] Platform:      win32
[debug] [2022-10-20T15:55:15.790Z] Node Version:  v16.17.0
[debug] [2022-10-20T15:55:15.795Z] Time:          Thu Oct 20 2022 09:55:15 GMT-0600 (hora estándar central)
[debug] [2022-10-20T15:55:15.795Z] ----------------------------------------------------------------------
[debug] 
[debug] [2022-10-20T15:55:15.855Z] > command requires scopes: ["email","openid","https://www.googleapis.com/auth/cloudplatformprojects.readonly","https://www.googleapis.com/auth/firebase","https://www.googleapis.com/auth/cloud-platform"]
[debug] [2022-10-20T15:55:15.856Z] > authorizing via signed-in user (aceiteraemanuelgt@gmail.com)
[debug] [2022-10-20T15:55:15.856Z] [iam] checking project aceiteraemanuel-c8fb1 for permissions ["firebase.projects.get","firebasehosting.sites.update"]
[debug] [2022-10-20T15:55:15.858Z] > refreshing access token with scopes: []
[debug] [2022-10-20T15:55:15.859Z] >>> [apiv2][query] POST https://www.googleapis.com/oauth2/v3/token [none]
[debug] [2022-10-20T15:55:15.859Z] >>> [apiv2][body] POST https://www.googleapis.com/oauth2/v3/token [omitted]
[debug] [2022-10-20T15:55:16.173Z] <<< [apiv2][status] POST https://www.googleapis.com/oauth2/v3/token 200
[debug] [2022-10-20T15:55:16.174Z] <<< [apiv2][body] POST https://www.googleapis.com/oauth2/v3/token [omitted]
[debug] [2022-10-20T15:55:16.189Z] >>> [apiv2][query] POST https://cloudresourcemanager.googleapis.com/v1/projects/aceiteraemanuel-c8fb1:testIamPermissions [none]
[debug] [2022-10-20T15:55:16.189Z] >>> [apiv2][(partial)header] POST https://cloudresourcemanager.googleapis.com/v1/projects/aceiteraemanuel-c8fb1:testIamPermissions x-goog-quota-user=projects/aceiteraemanuel-c8fb1
[debug] [2022-10-20T15:55:16.189Z] >>> [apiv2][body] POST https://cloudresourcemanager.googleapis.com/v1/projects/aceiteraemanuel-c8fb1:testIamPermissions {"permissions":["firebase.projects.get","firebasehosting.sites.update"]}
[debug] [2022-10-20T15:55:16.522Z] <<< [apiv2][status] POST https://cloudresourcemanager.googleapis.com/v1/projects/aceiteraemanuel-c8fb1:testIamPermissions 200
[debug] [2022-10-20T15:55:16.523Z] <<< [apiv2][body] POST https://cloudresourcemanager.googleapis.com/v1/projects/aceiteraemanuel-c8fb1:testIamPermissions {"permissions":["firebase.projects.get","firebasehosting.sites.update"]}
[debug] [2022-10-20T15:55:16.523Z] >>> [apiv2][query] GET https://firebase.googleapis.com/v1beta1/projects/aceiteraemanuel-c8fb1 [none]
[debug] [2022-10-20T15:55:16.913Z] <<< [apiv2][status] GET https://firebase.googleapis.com/v1beta1/projects/aceiteraemanuel-c8fb1 200
[debug] [2022-10-20T15:55:16.913Z] <<< [apiv2][body] GET https://firebase.googleapis.com/v1beta1/projects/aceiteraemanuel-c8fb1 {"projectId":"aceiteraemanuel-c8fb1","projectNumber":"941084430879","displayName":"aceiteraemanuel","name":"projects/aceiteraemanuel-c8fb1","resources":{"hostingSite":"aceiteraemanuel-c8fb1"},"state":"DELETED","etag":"1_a1b95281-cc72-4269-83f8-b5b6d46d2730"}
[info] 
[info] === Deploying to 'aceiteraemanuel-c8fb1'...
[info] 
[info] i  deploying hosting 
[debug] [2022-10-20T15:55:16.916Z] >>> [apiv2][query] POST https://firebasehosting.googleapis.com/v1beta1/projects/-/sites/aceiteraemanuel-c8fb1/versions [none]
[debug] [2022-10-20T15:55:16.916Z] >>> [apiv2][body] POST https://firebasehosting.googleapis.com/v1beta1/projects/-/sites/aceiteraemanuel-c8fb1/versions {"status":"CREATED","labels":{"deployment-tool":"cli-firebase"}}
[debug] [2022-10-20T15:55:17.591Z] <<< [apiv2][status] POST https://firebasehosting.googleapis.com/v1beta1/projects/-/sites/aceiteraemanuel-c8fb1/versions 500
[debug] [2022-10-20T15:55:17.591Z] <<< [apiv2][body] POST https://firebasehosting.googleapis.com/v1beta1/projects/-/sites/aceiteraemanuel-c8fb1/versions {"error":{"code":500,"message":"Internal error encountered.","status":"INTERNAL"}}
[error] 
[error] Error: HTTP Error: 500, Internal error encountered.
[debug] [2022-10-20T15:55:17.807Z] Error Context: {
  "body": {
    "error": {
      "code": 500,
      "message": "Internal error encountered.",
      "status": "INTERNAL"
    }
  },
  "response": {
    "statusCode": 500
  }
}
